Wed Jul 12 2017 12:34:22 GMT-0700 (PDT): GET /about
Wed Jul 12 2017 12:34:31 GMT-0700 (PDT): GET /
Wed Jul 12 2017 12:35:40 GMT-0700 (PDT): GET /
Wed Jul 12 2017 12:43:47 GMT-0700 (PDT): GET /
Wed Jul 12 2017 12:43:53 GMT-0700 (PDT): GET /about
Wed Jul 12 2017 12:44:26 GMT-0700 (PDT): GET /help.html
Wed Jul 12 2017 12:45:04 GMT-0700 (PDT): GET /help.html
Wed Jul 12 2017 12:45:08 GMT-0700 (PDT): GET /
Wed Jul 12 2017 12:45:11 GMT-0700 (PDT): GET /about
Wed Jul 12 2017 12:45:12 GMT-0700 (PDT): GET /
Thu Jul 13 2017 22:51:25 GMT-0700 (PDT): GET /
Thu Jul 13 2017 22:51:29 GMT-0700 (PDT): GET /about
Thu Jul 13 2017 22:51:39 GMT-0700 (PDT): GET /
Thu Jul 13 2017 22:53:10 GMT-0700 (PDT): GET /
Thu Jul 13 2017 22:53:13 GMT-0700 (PDT): GET /about
Thu Jul 13 2017 23:00:26 GMT-0700 (PDT): GET /
Thu Jul 13 2017 23:01:04 GMT-0700 (PDT): GET /
Thu Jul 13 2017 23:05:09 GMT-0700 (PDT): GET /
Thu Jul 13 2017 23:05:12 GMT-0700 (PDT): GET /about
Fri Jul 14 2017 08:17:19 GMT-0700 (PDT): GET /about
Fri Jul 14 2017 08:17:21 GMT-0700 (PDT): GET /
Fri Jul 14 2017 17:02:31 GMT-0700 (PDT): GET /
Fri Jul 14 2017 17:02:32 GMT-0700 (PDT): GET /favicon.ico
Fri Jul 14 2017 17:02:32 GMT-0700 (PDT): GET /favicon.ico
